C51 COMPILER V9.01   ADC_0808                                                              11/17/2022 21:21:11 PAGE 1   


C51 COMPILER V9.01, COMPILATION OF MODULE ADC_0808
OBJECT MODULE PLACED IN adc_0808.OBJ
COMPILER INVOKED BY: E:\keil4\C51\BIN\C51.EXE adc_0808.c BROWSE DEBUG OBJECTEXTEND

line level    source

   1          #include "adc_0808.h"
   2          #include <REGX52.H>
   3          #define ADC0808_DATA P1
   4          sbit ADC0808_A = P2^0;
   5          sbit ADC0808_B = P2^1;                             //A,B,C la chân chon cong tin hieu ADC
   6          sbit ADC0808_C = P2^2;
   7          sbit ADC0808_ALE = P2^3;                         //chan chot dia chi
   8          sbit ADC0808_START = P2^4;                     //chan bao bat dau chuyen doi
   9          sbit ADC0808_EOC = P2^5;                        //EOC kiem tra xem da chuyen doi xong chua
  10          sbit ADC0808_OE = P2^6;                          //mang du lieu da chuyen doi ra khoi ADC
  11          sbit ADC0808_CLK = P2^7; 
  12          
  13          void ADC0808_Init(){
  14   1              ADC0808_START = 0;      
  15   1              ADC0808_ALE = 0;
  16   1              ADC0808_OE = 0;
  17   1      }
  18          
  19          
  20          unsigned char ADC0808_Read(unsigned char channel){
  21   1              unsigned char kq;                                      // khai báo bien ket qua
  22   1              ADC0808_A = channel & 0x01;
  23   1              ADC0808_B = channel & 0x02;                 //8051 lua chon kenh du lieu
  24   1              ADC0808_C = channel & 0x04;
  25   1              ADC0808_ALE = 1;                                    //kích hoat chân ALE, xung L-to-H de chot dia chi
  26   1              ADC0808_START = 1;                                //kích hoat chân Start L-to-H de bat dau chuyen doi
  27   1              ADC0808_ALE = 0;
  28   1              ADC0808_START = 0;
  29   1              while(ADC0808_EOC);                              //giam sat qua trinh chuyen doi
  30   1              while(!ADC0808_EOC);                             //giam sat EOC het muc thap chua
  31   1              ADC0808_OE = 1;                                    //OE o muc H-to-L de 8051 doc data
  32   1              kq = ADC0808_DATA;                              //sau khi chuyen doi P3 dã có các giá tri, gán P3=kq
  33   1              ADC0808_OE = 0;
  34   1              return kq;
  35   1      }


MODULE INFORMATION:   STATIC OVERLAYABLE
   CODE SIZE        =     41    ----
   CONSTANT SIZE    =   ----    ----
   XDATA SIZE       =   ----    ----
   PDATA SIZE       =   ----    ----
   DATA SIZE        =   ----    ----
   IDATA SIZE       =   ----    ----
   BIT SIZE         =   ----    ----
END OF MODULE INFORMATION.


C51 COMPILATION COMPLETE.  0 WARNING(S),  0 ERROR(S)
